<?xml version="1.0" encoding="UTF-8"?>
<!-- Generated by org.testng.reporters.JUnitReportReporter -->
<testsuite hostname="LAPTOP-6883ILH2" failures="0" tests="4" name="com.crm.qa.testcases.DealsPageTest" time="101.341" errors="0" timestamp="2021-09-18T15:21:48 IST" skipped="0">
  <testcase classname="com.crm.qa.testcases.DealsPageTest" name="validateCreateNewDeal" time="25.966"/>
  <system-out/>
  <testcase classname="com.crm.qa.testcases.DealsPageTest" name="validateCreateNewDeal" time="31.089"/>
  <system-out/>
  <testcase classname="com.crm.qa.testcases.DealsPageTest" name="verifyDealsPageLabelTest" time="19.464"/>
  <system-out/>
  <testcase classname="com.crm.qa.testcases.DealsPageTest" name="validateCreateNewDeal" time="24.822"/>
  <system-out/>
</testsuite> <!-- com.crm.qa.testcases.DealsPageTest -->
