<?xml version="1.0" encoding="UTF-8"?>
<!-- Generated by org.testng.reporters.JUnitReportReporter -->
<testsuite hostname="LAPTOP-6883ILH2" failures="0" tests="3" name="com.crm.qa.testcases.LoginPageTest" time="38.302" errors="0" timestamp="2021-09-18T15:24:45 IST" skipped="0">
  <testcase classname="com.crm.qa.testcases.LoginPageTest" name="loginPageTitleTest" time="9.266"/>
  <system-out/>
  <testcase classname="com.crm.qa.testcases.LoginPageTest" name="crmLogoImageTest" time="12.247"/>
  <system-out/>
  <testcase classname="com.crm.qa.testcases.LoginPageTest" name="loginTest" time="16.789"/>
  <system-out/>
</testsuite> <!-- com.crm.qa.testcases.LoginPageTest -->
