<?xml version="1.0" encoding="UTF-8"?>
<!-- Generated by org.testng.reporters.JUnitReportReporter -->
<testsuite hostname="LAPTOP-6883ILH2" failures="0" tests="1" name="com.crm.qa.testcases.CallsPageTest" time="20.775" errors="0" timestamp="2021-09-18T15:18:42 IST" skipped="0">
  <testcase classname="com.crm.qa.testcases.CallsPageTest" name="verifyCallsPageLabelTest" time="20.775"/>
  <system-out/>
</testsuite> <!-- com.crm.qa.testcases.CallsPageTest -->
