<?xml version="1.0" encoding="UTF-8"?>
<!-- Generated by org.testng.reporters.JUnitReportReporter -->
<testsuite hostname="LAPTOP-6883ILH2" failures="0" tests="3" name="com.crm.qa.testcases.HomePageTest" time="56.399" errors="0" timestamp="2021-09-18T16:07:47 IST" skipped="0">
  <testcase classname="com.crm.qa.testcases.HomePageTest" name="verifyHomePageTitleTest" time="19.454"/>
  <system-out/>
  <testcase classname="com.crm.qa.testcases.HomePageTest" name="verifyUserNameTest" time="17.178"/>
  <system-out/>
  <testcase classname="com.crm.qa.testcases.HomePageTest" name="verifyContactsLinkTest" time="19.767"/>
  <system-out/>
</testsuite> <!-- com.crm.qa.testcases.HomePageTest -->
