<?xml version="1.0" encoding="UTF-8"?>
<!-- Generated by org.testng.reporters.JUnitReportReporter -->
<testsuite hostname="LAPTOP-6883ILH2" failures="0" tests="4" name="com.crm.qa.testcases.DealsPageTest" time="109.732" errors="0" timestamp="2021-09-18T16:07:47 IST" skipped="0">
  <testcase classname="com.crm.qa.testcases.DealsPageTest" name="validateCreateNewDeal" time="27.526"/>
  <system-out/>
  <testcase classname="com.crm.qa.testcases.DealsPageTest" name="validateCreateNewDeal" time="26.547"/>
  <system-out/>
  <testcase classname="com.crm.qa.testcases.DealsPageTest" name="verifyDealsPageLabelTest" time="21.744"/>
  <system-out/>
  <testcase classname="com.crm.qa.testcases.DealsPageTest" name="validateCreateNewDeal" time="33.915"/>
  <system-out/>
</testsuite> <!-- com.crm.qa.testcases.DealsPageTest -->
